-------------------------------------------------------------------------------
Test set: PhanLoaiTestSuite
-------------------------------------------------------------------------------
Tests run: 1, Failures: 0, Errors: 1, Skipped: 0, Time elapsed: 0.018 s <<< FAILURE! - in PhanLoaiTestSuite
PhanLoaiTestSuite  Time elapsed: 0.017 s  <<< ERROR!
java.lang.IllegalAccessError: class PhanLoaiTestSuite (in unnamed module @0x6f96c77) cannot access class com.oumarket.utils.JdbcUtils (in module com.oumarket.quanlychuoisieuthibanle) because module com.oumarket.quanlychuoisieuthibanle does not export com.oumarket.utils to unnamed module @0x6f96c77
	at PhanLoaiTestSuite.beforeAll(PhanLoaiTestSuite.java:35)

