<?xml version="1.0" encoding="UTF-8"?>
<testsuite xmlns:xsi="http://www.w3.org/2001/XMLSchema-instance" xsi:noNamespaceSchemaLocation="https://maven.apache.org/surefire/maven-surefire-plugin/xsd/surefire-test-report.xsd" name="com.oumarket.tester01.NhanVienTestSuite" time="0.629" tests="8" errors="0" skipped="0" failures="2">
  <properties>
[...]
</properties>
  <testcase name="testEditFail" classname="com.oumarket.tester01.NhanVienTestSuite" time="0.054"/>
  <testcase name="testSearchUnscure" classname="com.oumarket.tester01.NhanVienTestSuite" time="0.031"/>
  <testcase name="testAddSuccess" classname="com.oumarket.tester01.NhanVienTestSuite" time="0.049"/>
  <testcase name="testEditSuccess" classname="com.oumarket.tester01.NhanVienTestSuite" time="0.029">
    <failure message="expected: &lt;true&gt; but was: &lt;false&gt;" type="org.opentest4j.AssertionFailedError"><![CDATA[org.opentest4j.AssertionFailedError: expected: <true> but was: <false>
	at com.oumarket.quanlychuoisieuthibanle/com.oumarket.tester01.NhanVienTestSuite.testEditSuccess(NhanVienTestSuite.java:106)
]]></failure>
  </testcase>
  <testcase name="testDeleteSuccess" classname="com.oumarket.tester01.NhanVienTestSuite" time="0.02">
    <failure message="expected: &lt;true&gt; but was: &lt;false&gt;" type="org.opentest4j.AssertionFailedError"><![CDATA[org.opentest4j.AssertionFailedError: expected: <true> but was: <false>
	at com.oumarket.quanlychuoisieuthibanle/com.oumarket.tester01.NhanVienTestSuite.testDeleteSuccess(NhanVienTestSuite.java:84)
]]></failure>
  </testcase>
  <testcase name="testSearchSuccessful" classname="com.oumarket.tester01.NhanVienTestSuite" time="0.022"/>
  <testcase name="testSearchInvalid" classname="com.oumarket.tester01.NhanVienTestSuite" time="0.02"/>
  <testcase name="testDeleteFail" classname="com.oumarket.tester01.NhanVienTestSuite" time="0.02"/>
</testsuite>